<?xml version="1.0" encoding="UTF-8"?>
<!-- Generated by org.testng.reporters.JUnitReportReporter -->
<testsuite skipped="0" hostname="DESKTOP-O2V6U4O" name="ecommercestoretests.EcommerceStoreTest3" tests="1" failures="0" timestamp="2020-01-09T18:59:32 GMT" time="72.034" errors="0">
  <testcase name="addingSpecificProductToCart" time="72.034" classname="ecommercestoretests.EcommerceStoreTest3"/>
  <system-out/>
</testsuite> <!-- ecommercestoretests.EcommerceStoreTest3 -->
