<?xml version="1.0" encoding="UTF-8"?>
<!-- Generated by org.testng.reporters.JUnitReportReporter -->
<testsuite skipped="0" hostname="DESKTOP-O2V6U4O" name="ecommercemobilechrometests.AmazonTest" tests="1" failures="0" timestamp="2020-01-09T20:05:29 GMT" time="36.196" errors="0">
  <testcase name="searchOnAmazonTest" time="36.196" classname="ecommercemobilechrometests.AmazonTest"/>
  <system-out/>
</testsuite> <!-- ecommercemobilechrometests.AmazonTest -->
