<?xml version="1.0" encoding="UTF-8"?>
<!-- Generated by org.testng.reporters.JUnitReportReporter -->
<testsuite skipped="1" hostname="DESKTOP-O2V6U4O" name="ecommercestoretests.EcommerceStoreTest1" tests="2" failures="0" timestamp="2020-01-09T15:13:56 GMT" time="33.458" errors="0">
  <testcase name="toastMessageTest" time="33.458" classname="ecommercestoretests.EcommerceStoreTest1"/>
  <system-out/>
  <testcase name="firstTest" classname="ecommercestoretests.EcommerceStoreTest1">
    <skipped/>
  </testcase> <!-- firstTest -->
  <system-out/>
</testsuite> <!-- ecommercestoretests.EcommerceStoreTest1 -->
