<?xml version="1.0" encoding="UTF-8"?>
<!-- Generated by org.testng.reporters.JUnitReportReporter -->
<testsuite skipped="0" hostname="DESKTOP-O2V6U4O" name="mobilegestures.TapExample" tests="5" failures="0" timestamp="2020-01-07T20:07:14 GMT" time="173.768" errors="0">
  <testcase name="swipeTest" time="34.233" classname="mobilegestures.TapExample"/>
  <system-out/>
  <testcase name="scrollTest" time="35.114" classname="mobilegestures.TapExample"/>
  <system-out/>
  <testcase name="tapTest" time="31.251" classname="mobilegestures.TapExample"/>
  <system-out/>
  <testcase name="dragAndDropTest" time="39.082" classname="mobilegestures.TapExample"/>
  <system-out/>
  <testcase name="longPressTest" time="34.088" classname="mobilegestures.TapExample"/>
  <system-out/>
</testsuite> <!-- mobilegestures.TapExample -->
